app/build/outputs/logs/manifest-merger-debug-report.txt
-- Merging decision tree log ---
manifest
ADDED from src/main/AndroidManifest.xml:2:1-22:12
	package
		ADDED from src/main/AndroidManifest.xml:3:5-45
		INJECTED from src/main/AndroidManifest.xml
		INJECTED from src/main/AndroidManifest.xml
	xmlns:android
		ADDED from src/main/AndroidManifest.xml:2:11-69
application
ADDED from src/main/AndroidManifest.xml:5:5-21:19
	android:label
		ADDED from src/main/AndroidManifest.xml:7:9-41
	android:icon
		ADDED from src/main/AndroidManifest.xml:6:9-45
	android:theme
		ADDED from src/main/AndroidManifest.xml:8:9-43
activity#net.simonvt.timepicker.samples.SamplesActivity
ADDED from src/main/AndroidManifest.xml:10:9-17:20
	android:label
		ADDED from src/main/AndroidManifest.xml:12:13-45
	android:name
		ADDED from src/main/AndroidManifest.xml:11:13-74
intent-filter#android.intent.action.MAIN+android.intent.category.LAUNCHER
ADDED from src/main/AndroidManifest.xml:13:13-16:29
action#android.intent.action.MAIN
ADDED from src/main/AndroidManifest.xml:14:17-69
	android:name
		ADDED from src/main/AndroidManifest.xml:14:25-66
category#android.intent.category.LAUNCHER
ADDED from src/main/AndroidManifest.xml:15:17-77
	android:name
		ADDED from src/main/AndroidManifest.xml:15:27-74
activity#net.simonvt.timepicker.samples.DialogSample
ADDED from src/main/AndroidManifest.xml:19:9-80
	android:name
		ADDED from src/main/AndroidManifest.xml:19:19-77
activity#net.simonvt.timepicker.samples.LayoutSample
ADDED from src/main/AndroidManifest.xml:20:9-80
	android:name
		ADDED from src/main/AndroidManifest.xml:20:19-77
uses-sdk
INJECTED from src/main/AndroidManifest.xml reason: use-sdk injection requested
MERGED from [Android-TimePickersEditable:library:unspecified] AndroidManifest.xml:7:5-9:41
MERGED from [Android-TimePickersEditable:librarys:unspecified] AndroidManifest.xml:7:5-9:41
	android:targetSdkVersion
		INJECTED from src/main/AndroidManifest.xml
		INJECTED from src/main/AndroidManifest.xml
	android:minSdkVersion
		INJECTED from src/main/AndroidManifest.xml
		INJECTED from src/main/AndroidManifest.xml